[2015-03-20 11:30:35:378 DEBUG] TcpServer.cpp:67 Start thread pool
[2015-03-20 11:30:35:378 DEBUG] TcpServer.cpp:77 start send thread!
[2015-03-20 11:30:35:379 DEBUG] TcpServer.cpp:118 start server listen
[2015-03-20 11:30:35:379 DEBUG] TcpServer.cpp:128 add listen port to epoll
[2015-03-20 11:30:35:379 INFO] TcpServer.cpp:170 recv write event recv write event recv write eventrecv write eventrecv write eventrecv write eventrecv write eventrecv write eventrecv write eventrecv write event recv write eventrecv write eventrecv write eventrecv write event
[2015-03-20 11:30:35:379 INFO] TcpServer.cpp:170 recv write event recv write event recv write eventrecv write eventrecv write eventrecv write eventrecv write eventrecv write eventrecv write eventrecv write event recv write eventrecv write eventrecv write eventrecv write event
[2015-03-20 11:30:35:379 INFO] TcpServer.cpp:170 recv write event recv write event recv write eventrecv write eventrecv write eventrecv write eventrecv write eventrecv write eventrecv write eventrecv write event recv write eventrecv write eventrecv write eventrecv write event
[2015-03-20 11:30:35:379 INFO] TcpServer.cpp:170 recv write event recv write event recv write eventrecv write eventrecv write eventrecv write eventrecv write eventrecv write eventrecv write eventrecv write event recv write eventrecv write eventrecv write eventrecv write event
[2015-03-20 11:30:35:379 INFO] TcpServer.cpp:170 recv write event recv write event recv write eventrecv write eventrecv write eventrecv write eventrecv write eventrecv write eventrecv write eventrecv write event recv write eventrecv write eventrecv write eventrecv write event
[2015-03-20 11:30:35:379 INFO] TcpServer.cpp:170 recv write event recv write event recv write eventrecv write eventrecv write eventrecv write eventrecv write eventrecv write eventrecv write eventrecv write event recv write eventrecv write eventrecv write eventrecv write event
[2015-03-20 11:30:35:379 INFO] TcpServer.cpp:170 recv write event recv write event recv write eventrecv write eventrecv write eventrecv write eventrecv write eventrecv write eventrecv write eventrecv write event recv write eventrecv write eventrecv write eventrecv write event
[2015-03-20 11:30:35:379 INFO] TcpServer.cpp:170 recv write event recv write event recv write eventrecv write eventrecv write eventrecv write eventrecv write eventrecv write eventrecv write eventrecv write event recv write eventrecv write eventrecv write eventrecv write event
[2015-03-20 11:30:35:379 INFO] TcpServer.cpp:170 recv write event recv write event recv write eventrecv write eventrecv write eventrecv write eventrecv write eventrecv write eventrecv write eventrecv write event recv write eventrecv write eventrecv write eventrecv write event
[2015-03-20 11:30:35:379 INFO] TcpServer.cpp:170 recv write event recv write event recv write eventrecv write eventrecv write eventrecv write eventrecv write eventrecv write eventrecv write eventrecv write event recv write eventrecv write eventrecv write eventrecv write event
[2015-03-20 11:30:35:379 INFO] TcpServer.cpp:170 recv write event recv write event recv write eventrecv write eventrecv write eventrecv write eventrecv write eventrecv write eventrecv write eventrecv write event recv write eventrecv write eventrecv write eventrecv write event
[2015-03-20 11:30:35:379 INFO] TcpServer.cpp:170 recv write event recv write event recv write eventrecv write eventrecv write eventrecv write eventrecv write eventrecv write eventrecv write eventrecv write event recv write eventrecv write eventrecv write eventrecv write event
[2015-03-20 11:30:35:379 INFO] TcpServer.cpp:170 recv write event recv write event recv write eventrecv write eventrecv write eventrecv write eventrecv write eventrecv write eventrecv write eventrecv write event recv write eventrecv write eventrecv write eventrecv write event
[2015-03-20 11:30:35:379 INFO] TcpServer.cpp:170 recv write event recv write event recv write eventrecv write eventrecv write eventrecv write eventrecv write eventrecv write eventrecv write eventrecv write event recv write eventrecv write eventrecv write eventrecv write event
[2015-03-20 11:30:35:380 INFO] TcpServer.cpp:170 recv write event recv write event recv write eventrecv write eventrecv write eventrecv write eventrecv write eventrecv write eventrecv write eventrecv write event recv write eventrecv write eventrecv write eventrecv write event
[2015-03-20 11:30:35:380 INFO] TcpServer.cpp:170 recv write event recv write event recv write eventrecv write eventrecv write eventrecv write eventrecv write eventrecv write eventrecv write eventrecv write event recv write eventrecv write eventrecv write eventrecv write event
[2015-03-20 11:30:35:380 INFO] TcpServer.cpp:170 recv write event recv write event recv write eventrecv write eventrecv write eventrecv write eventrecv write eventrecv write eventrecv write eventrecv write event recv write eventrecv write eventrecv write eventrecv write event
[2015-03-20 11:30:35:380 INFO] TcpServer.cpp:170 recv write event recv write event recv write eventrecv write eventrecv write eventrecv write eventrecv write eventrecv write eventrecv write eventrecv write event recv write eventrecv write eventrecv write eventrecv write event
[2015-03-20 11:30:35:380 INFO] TcpServer.cpp:170 recv write event recv write event recv write eventrecv write eventrecv write eventrecv write eventrecv write eventrecv write eventrecv write eventrecv write event recv write eventrecv write eventrecv write eventrecv write event
[2015-03-20 11:30:35:380 INFO] TcpServer.cpp:170 recv write event recv write event recv write eventrecv write eventrecv write eventrecv write eventrecv write eventrecv write eventrecv write eventrecv write event recv write eventrecv write eventrecv write eventrecv write event
